hw3/VrCubeWorld_SurfaceView/Projects/Android/build/outputs/logs/manifest-merger-debug-report.txt
-- Merging decision tree log ---
manifest
ADDED from Projects/Android/AndroidManifest.xml:2:1-36:12
INJECTED from Projects/Android/AndroidManifest.xml:2:1-36:12
INJECTED from Projects/Android/AndroidManifest.xml:2:1-36:12
INJECTED from Projects/Android/AndroidManifest.xml:2:1-36:12
INJECTED from Projects/Android/AndroidManifest.xml:2:1-36:12
INJECTED from Projects/Android/AndroidManifest.xml:2:1-36:12
INJECTED from Projects/Android/AndroidManifest.xml:2:1-36:12
	package
		ADDED from Projects/Android/AndroidManifest.xml:3:3-37
		INJECTED from Projects/Android/AndroidManifest.xml
		INJECTED from Projects/Android/AndroidManifest.xml
	android:versionName
		ADDED from Projects/Android/AndroidManifest.xml:5:3-28
		INJECTED from Projects/Android/AndroidManifest.xml
		INJECTED from Projects/Android/AndroidManifest.xml
	xmlns:android
		ADDED from Projects/Android/AndroidManifest.xml:2:11-69
	android:versionCode
		ADDED from Projects/Android/AndroidManifest.xml:4:3-26
		INJECTED from Projects/Android/AndroidManifest.xml
		INJECTED from Projects/Android/AndroidManifest.xml
	android:installLocation
		ADDED from Projects/Android/AndroidManifest.xml:5:29-59
uses-sdk
ADDED from Projects/Android/AndroidManifest.xml:7:2-71
INJECTED from Projects/Android/AndroidManifest.xml:7:2-71
INJECTED from Projects/Android/AndroidManifest.xml:7:2-71
INJECTED from Projects/Android/AndroidManifest.xml:7:2-71
INJECTED from Projects/Android/AndroidManifest.xml:7:2-71
	android:targetSdkVersion
		ADDED from Projects/Android/AndroidManifest.xml:7:39-68
		INJECTED from Projects/Android/AndroidManifest.xml
		INJECTED from Projects/Android/AndroidManifest.xml
	android:minSdkVersion
		ADDED from Projects/Android/AndroidManifest.xml:7:12-38
		INJECTED from Projects/Android/AndroidManifest.xml
		INJECTED from Projects/Android/AndroidManifest.xml
uses-feature#0x00030001
ADDED from Projects/Android/AndroidManifest.xml:9:2-74
	android:glEsVersion
		ADDED from Projects/Android/AndroidManifest.xml:9:16-48
	android:required
		ADDED from Projects/Android/AndroidManifest.xml:9:49-72
uses-permission#android.permission.INTERNET
ADDED from Projects/Android/AndroidManifest.xml:11:2-64
	android:name
		ADDED from Projects/Android/AndroidManifest.xml:11:19-61
uses-permission#android.permission.MODIFY_AUDIO_SETTINGS
ADDED from Projects/Android/AndroidManifest.xml:13:2-77
	android:name
		ADDED from Projects/Android/AndroidManifest.xml:13:19-74
uses-permission#android.permission.ACCESS_NETWORK_STATE
ADDED from Projects/Android/AndroidManifest.xml:14:2-76
	android:name
		ADDED from Projects/Android/AndroidManifest.xml:14:19-73
application
ADDED from Projects/Android/AndroidManifest.xml:16:2-35:16
	android:label
		ADDED from Projects/Android/AndroidManifest.xml:16:43-72
	android:allowBackup
		ADDED from Projects/Android/AndroidManifest.xml:16:15-42
meta-data#com.samsung.android.vr.application.mode
ADDED from Projects/Android/AndroidManifest.xml:17:3-94
	android:value
		ADDED from Projects/Android/AndroidManifest.xml:17:69-92
	android:name
		ADDED from Projects/Android/AndroidManifest.xml:17:14-68
activity#com.oculus.gles3jni.GLES3JNIActivity
ADDED from Projects/Android/AndroidManifest.xml:22:3-34:14
	android:screenOrientation
		ADDED from Projects/Android/AndroidManifest.xml:26:5-42
	android:excludeFromRecents
		ADDED from Projects/Android/AndroidManifest.xml:27:5-39
	android:launchMode
		ADDED from Projects/Android/AndroidManifest.xml:25:5-36
	android:configChanges
		ADDED from Projects/Android/AndroidManifest.xml:28:5-106
	android:theme
		ADDED from Projects/Android/AndroidManifest.xml:24:5-69
	android:name
		ADDED from Projects/Android/AndroidManifest.xml:23:5-56
intent-filter#action:name:android.intent.action.MAIN+category:name:android.intent.category.LAUNCHER
ADDED from Projects/Android/AndroidManifest.xml:30:4-33:20
action#android.intent.action.MAIN
ADDED from Projects/Android/AndroidManifest.xml:31:5-57
	android:name
		ADDED from Projects/Android/AndroidManifest.xml:31:13-54
category#android.intent.category.LAUNCHER
ADDED from Projects/Android/AndroidManifest.xml:32:5-65
	android:name
		ADDED from Projects/Android/AndroidManifest.xml:32:15-62